<?xml version="1.0" encoding="UTF-8"?>
<!-- Generated by org.testng.reporters.JUnitReportReporter -->
<testsuite hostname="DESKTOP-JBSQD4C" name="com.canoo.impl.platform.core.SimpleDolphinPlatformthreadFactoryTest" tests="2" failures="0" timestamp="18 Oct 2017 07:34:11 GMT" time="57.042" errors="0">
  <testcase name="testPlatformThread" time="22.568" classname="com.canoo.impl.platform.core.SimpleDolphinPlatformthreadFactoryTest"/>
  <testcase name="testPlatformThread2" time="34.474" classname="com.canoo.impl.platform.core.SimpleDolphinPlatformthreadFactoryTest"/>
</testsuite> <!-- com.canoo.impl.platform.core.SimpleDolphinPlatformthreadFactoryTest -->
